<?xml version="1.0" encoding="UTF-8"?>
<TestRun id="a37e2b36-730a-4237-96de-c26a72e6438a" name="student@KOMP070 2015-05-04 12:46:36" runUser="NMKZLLAB\student" xmlns="http://microsoft.com/schemas/VisualStudio/TeamTest/2010">
  <TestSettings name="Local" id="31046817-227f-4161-9a97-5d34efa999fb">
    <Description>These are default test settings for a local test run.</Description>
    <Deployment enabled="false" runDeploymentRoot="student_KOMP070 2015-05-04 12_46_36">
      <DeploymentItem filename="D:\Krzysiek\Blog\Blog.DAL\bin\Debug\Blog.DAL.dll" />
      <DeploymentItem filename="D:\Krzysiek\Blog\packages\EntityFramework.5.0.0\lib\net40\EntityFramework.dll" />
      <DeploymentItem filename="D:\Krzysiek\Blog\packages\DbTestHelpers\YamlDotNet.Core.dll" />
      <DeploymentItem filename="D:\Krzysiek\Blog\packages\DbTestHelpers\TDD.DbTestHelpers.dll" />
      <DeploymentItem filename="D:\Krzysiek\Blog\packages\DbTestHelpers\YamlDotNet.RepresentationModel.dll" />
    </Deployment>
    <Execution>
      <TestTypeSpecific />
      <AgentRule name="Execution Agents">
      </AgentRule>
    </Execution>
  </TestSettings>
  <Times creation="2015-05-04T12:46:36.7600984+02:00" queuing="2015-05-04T12:46:36.9940984+02:00" start="2015-05-04T12:46:37.0130984+02:00" finish="2015-05-04T12:46:39.6080984+02:00" />
  <ResultSummary outcome="Failed">
    <Counters total="4" executed="4" passed="3" error="0" failed="1" timeout="0" aborted="0" inconclusive="0" passedButRunAborted="0" notRunnable="0" notExecuted="0" disconnected="0" warning="0" completed="0" inProgress="0" pending="0" />
    <RunInfos>
      <RunInfo computerName="KOMP070" outcome="Warning" timestamp="2015-05-04T12:46:36.8030984+02:00">
        <Text>Deployment is currently disabled. The deployment item 'D:\Krzysiek\Blog\Blog.DAL.Tests\Fixtures\posts.yml' on test 'Blog.DAL.Tests.RepositoryTests.AddPost_NewPostInDbWithoutAuthor_ReturnExeption' was not deployed.</Text>
      </RunInfo>
    </RunInfos>
  </ResultSummary>
  <TestDefinitions>
    <UnitTest name="AddPost_NewPostInDbWithoutAuthor_ReturnExeption" storage="d:\krzysiek\blog\blog.dal.tests\bin\debug\blog.dal.tests.dll" id="87cffad1-3aa7-9a23-ed3b-9f36d3e96b0b">
      <DeploymentItems>
        <DeploymentItem filename="D:\Krzysiek\Blog\Blog.DAL.Tests\Fixtures\posts.yml" />
      </DeploymentItems>
      <Execution id="3f0ff7cf-f33a-4359-8901-8f2373fedf74" />
      <TestMethod codeBase="D:/Krzysiek/Blog/Blog.DAL.Tests/bin/Debug/Blog.DAL.Tests.DLL" adapterTypeName="Microsoft.VisualStudio.TestTools.TestTypes.Unit.UnitTestAdapter, Microsoft.VisualStudio.QualityTools.Tips.UnitTest.Adapter, Version=10.0.0.0, Culture=neutral, PublicKeyToken=b03f5f7f11d50a3a" className="Blog.DAL.Tests.RepositoryTests, Blog.DAL.Tests, Version=1.0.0.0, Culture=neutral, PublicKeyToken=null" name="AddPost_NewPostInDbWithoutAuthor_ReturnExeption" />
    </UnitTest>
    <UnitTest name="GetAllPost_OnePostInDb_ReturnOnePost" storage="d:\krzysiek\blog\blog.dal.tests\bin\debug\blog.dal.tests.dll" id="8eb3fc89-a933-3141-9fc4-10d31ead6588">
      <DeploymentItems>
        <DeploymentItem filename="D:\Krzysiek\Blog\Blog.DAL.Tests\Fixtures\posts.yml" />
      </DeploymentItems>
      <Execution id="d6c4b493-18c3-4344-9a5e-a83fc34f764c" />
      <TestMethod codeBase="D:/Krzysiek/Blog/Blog.DAL.Tests/bin/Debug/Blog.DAL.Tests.DLL" adapterTypeName="Microsoft.VisualStudio.TestTools.TestTypes.Unit.UnitTestAdapter, Microsoft.VisualStudio.QualityTools.Tips.UnitTest.Adapter, Version=10.0.0.0, Culture=neutral, PublicKeyToken=b03f5f7f11d50a3a" className="Blog.DAL.Tests.RepositoryTests, Blog.DAL.Tests, Version=1.0.0.0, Culture=neutral, PublicKeyToken=null" name="GetAllPost_OnePostInDb_ReturnOnePost" />
    </UnitTest>
    <UnitTest name="AddPost_NewPostInDbWithoutContent_ReturnExeption" storage="d:\krzysiek\blog\blog.dal.tests\bin\debug\blog.dal.tests.dll" id="a9965d11-63fe-41fa-25ee-46dfc08d82b4">
      <DeploymentItems>
        <DeploymentItem filename="D:\Krzysiek\Blog\Blog.DAL.Tests\Fixtures\posts.yml" />
      </DeploymentItems>
      <Execution id="396140a5-252c-4bf7-9599-37767810b27b" />
      <TestMethod codeBase="D:/Krzysiek/Blog/Blog.DAL.Tests/bin/Debug/Blog.DAL.Tests.DLL" adapterTypeName="Microsoft.VisualStudio.TestTools.TestTypes.Unit.UnitTestAdapter, Microsoft.VisualStudio.QualityTools.Tips.UnitTest.Adapter, Version=10.0.0.0, Culture=neutral, PublicKeyToken=b03f5f7f11d50a3a" className="Blog.DAL.Tests.RepositoryTests, Blog.DAL.Tests, Version=1.0.0.0, Culture=neutral, PublicKeyToken=null" name="AddPost_NewPostInDbWithoutContent_ReturnExeption" />
    </UnitTest>
    <UnitTest name="AddPost_NewPostInDb_ReturnOneMorePost" storage="d:\krzysiek\blog\blog.dal.tests\bin\debug\blog.dal.tests.dll" id="2c7d86e8-c8cd-b412-dd8d-81983dfc7dd5">
      <DeploymentItems>
        <DeploymentItem filename="D:\Krzysiek\Blog\Blog.DAL.Tests\Fixtures\posts.yml" />
      </DeploymentItems>
      <Execution id="fedd9a41-1eec-4d5d-b9b5-6b205a6b7938" />
      <TestMethod codeBase="D:/Krzysiek/Blog/Blog.DAL.Tests/bin/Debug/Blog.DAL.Tests.DLL" adapterTypeName="Microsoft.VisualStudio.TestTools.TestTypes.Unit.UnitTestAdapter, Microsoft.VisualStudio.QualityTools.Tips.UnitTest.Adapter, Version=10.0.0.0, Culture=neutral, PublicKeyToken=b03f5f7f11d50a3a" className="Blog.DAL.Tests.RepositoryTests, Blog.DAL.Tests, Version=1.0.0.0, Culture=neutral, PublicKeyToken=null" name="AddPost_NewPostInDb_ReturnOneMorePost" />
    </UnitTest>
  </TestDefinitions>
  <TestLists>
    <TestList name="Results Not in a List" id="8c84fa94-04c1-424b-9868-57a2d4851a1d" />
    <TestList name="All Loaded Results" id="19431567-8539-422a-85d7-44ee4e166bda" />
  </TestLists>
  <TestEntries>
    <TestEntry testId="8eb3fc89-a933-3141-9fc4-10d31ead6588" executionId="d6c4b493-18c3-4344-9a5e-a83fc34f764c" testListId="8c84fa94-04c1-424b-9868-57a2d4851a1d" />
    <TestEntry testId="2c7d86e8-c8cd-b412-dd8d-81983dfc7dd5" executionId="fedd9a41-1eec-4d5d-b9b5-6b205a6b7938" testListId="8c84fa94-04c1-424b-9868-57a2d4851a1d" />
    <TestEntry testId="87cffad1-3aa7-9a23-ed3b-9f36d3e96b0b" executionId="3f0ff7cf-f33a-4359-8901-8f2373fedf74" testListId="8c84fa94-04c1-424b-9868-57a2d4851a1d" />
    <TestEntry testId="a9965d11-63fe-41fa-25ee-46dfc08d82b4" executionId="396140a5-252c-4bf7-9599-37767810b27b" testListId="8c84fa94-04c1-424b-9868-57a2d4851a1d" />
  </TestEntries>
  <Results>
    <UnitTestResult executionId="d6c4b493-18c3-4344-9a5e-a83fc34f764c" testId="8eb3fc89-a933-3141-9fc4-10d31ead6588" testName="GetAllPost_OnePostInDb_ReturnOnePost" computerName="KOMP070" duration="00:00:00.8498165" startTime="2015-05-04T12:46:37.0360984+02:00" endTime="2015-05-04T12:46:38.0300984+02:00" testType="13cdc9d9-ddb5-4fa4-a97d-d965ccfc6d4b" outcome="Passed" testListId="8c84fa94-04c1-424b-9868-57a2d4851a1d" relativeResultsDirectory="d6c4b493-18c3-4344-9a5e-a83fc34f764c">
      <Output>
        <DebugTrace>Constr
SetUp
Applying fixtures
D:\Krzysiek\Blog\Blog.DAL.Tests\bin\Debug\Fixtures\posts.yml
FixtureSetUp
</DebugTrace>
      </Output>
    </UnitTestResult>
    <UnitTestResult executionId="fedd9a41-1eec-4d5d-b9b5-6b205a6b7938" testId="2c7d86e8-c8cd-b412-dd8d-81983dfc7dd5" testName="AddPost_NewPostInDb_ReturnOneMorePost" computerName="KOMP070" duration="00:00:00.0190600" startTime="2015-05-04T12:46:38.0310984+02:00" endTime="2015-05-04T12:46:38.0520984+02:00" testType="13cdc9d9-ddb5-4fa4-a97d-d965ccfc6d4b" outcome="Failed" testListId="8c84fa94-04c1-424b-9868-57a2d4851a1d" relativeResultsDirectory="fedd9a41-1eec-4d5d-b9b5-6b205a6b7938">
      <Output>
        <DebugTrace>Constr
SetUp
Applying fixtures
D:\Krzysiek\Blog\Blog.DAL.Tests\bin\Debug\Fixtures\posts.yml
FixtureSetUp
</DebugTrace>
        <ErrorInfo>
          <Message>Test method Blog.DAL.Tests.RepositoryTests.AddPost_NewPostInDb_ReturnOneMorePost threw exception: 
System.ArgumentException: Post do not have all fields</Message>
          <StackTrace>    at Blog.DAL.Repository.BlogRepository.AddPost(Post post) in D:\Krzysiek\Blog\Blog.DAL\Repository\BlogRepository.cs:line 25
   at Blog.DAL.Tests.RepositoryTests.AddPost_NewPostInDb_ReturnOneMorePost() in D:\Krzysiek\Blog\Blog.DAL.Tests\RepositoryTests.cs:line 53
</StackTrace>
        </ErrorInfo>
      </Output>
    </UnitTestResult>
    <UnitTestResult executionId="3f0ff7cf-f33a-4359-8901-8f2373fedf74" testId="87cffad1-3aa7-9a23-ed3b-9f36d3e96b0b" testName="AddPost_NewPostInDbWithoutAuthor_ReturnExeption" computerName="KOMP070" duration="00:00:00.0059408" startTime="2015-05-04T12:46:38.0530984+02:00" endTime="2015-05-04T12:46:38.0620984+02:00" testType="13cdc9d9-ddb5-4fa4-a97d-d965ccfc6d4b" outcome="Passed" testListId="8c84fa94-04c1-424b-9868-57a2d4851a1d" relativeResultsDirectory="3f0ff7cf-f33a-4359-8901-8f2373fedf74">
      <Output>
        <DebugTrace>Constr
SetUp
Applying fixtures
D:\Krzysiek\Blog\Blog.DAL.Tests\bin\Debug\Fixtures\posts.yml
FixtureSetUp
</DebugTrace>
      </Output>
    </UnitTestResult>
    <UnitTestResult executionId="396140a5-252c-4bf7-9599-37767810b27b" testId="a9965d11-63fe-41fa-25ee-46dfc08d82b4" testName="AddPost_NewPostInDbWithoutContent_ReturnExeption" computerName="KOMP070" duration="00:00:00.0057259" startTime="2015-05-04T12:46:38.0640984+02:00" endTime="2015-05-04T12:46:38.0710984+02:00" testType="13cdc9d9-ddb5-4fa4-a97d-d965ccfc6d4b" outcome="Passed" testListId="8c84fa94-04c1-424b-9868-57a2d4851a1d" relativeResultsDirectory="396140a5-252c-4bf7-9599-37767810b27b">
      <Output>
        <DebugTrace>Constr
SetUp
Applying fixtures
D:\Krzysiek\Blog\Blog.DAL.Tests\bin\Debug\Fixtures\posts.yml
FixtureSetUp
</DebugTrace>
      </Output>
    </UnitTestResult>
  </Results>
</TestRun>